[18:22:29] 大树已扎根并开放跨域通道！监听 8000 端口... PID=37472
[18:22:29] 当前模型: kimi-k2.5
[18:25:54] 大树已扎根并开放跨域通道！监听 8000 端口... PID=37972
[18:25:54] 当前模型: kimi-k2.5
[18:25:58] [HTTP] GET /
[18:25:58] [HTTP] GET /styles.css
[18:25:58] [HTTP] GET /app.js
[18:26:07] [HTTP] POST /api/chat
[18:26:07] [智慧树] 收到提问: 你好
[18:26:08] [智慧树] 根系汲取失败: Error code: 400 - {'error': {'message': 'invalid temperature: only 1 is allowed for this model', 'type': 'invalid_request_error'}}
[18:27:21] 大树已扎根并开放跨域通道！监听 8000 端口... PID=33736
[18:27:21] 当前模型: kimi-k2.5
[18:27:27] [HTTP] GET /
[18:27:27] [HTTP] GET /styles.css
[18:27:27] [HTTP] GET /app.js
[18:27:31] [HTTP] POST /api/chat
[18:27:31] [智慧树] 收到提问: 你好
[18:27:50] [智慧树] 思考完毕，养分已回传。
[18:29:58] 大树已扎根并开放跨域通道！监听 8000 端口... PID=37712
[18:29:58] 当前模型: kimi-k2.5
[18:30:01] [HTTP] GET /
[18:30:02] [HTTP] GET /styles.css
[18:30:02] [HTTP] GET /app.js
[18:30:05] [HTTP] POST /api/chat
[18:30:05] [智慧树] 收到提问: 你好
[18:30:17] [智慧树] 思考完毕，养分已回传。
[18:30:30] [HTTP] POST /api/chat
[18:30:30] [智慧树] 收到提问: 你是谁？
[18:30:44] [智慧树] 思考完毕，养分已回传。
[18:32:46] [HTTP] GET /
[18:32:46] [HTTP] GET /styles.css
[18:32:46] [HTTP] GET /app.js
[18:34:38] 大树已扎根并开放跨域通道！监听 8000 端口... PID=30184
[18:34:38] 当前模型: kimi-k2.5
[18:34:43] [HTTP] GET /
[18:34:43] [HTTP] GET /styles.css
[18:34:43] [HTTP] GET /app.js
[18:34:48] [HTTP] POST /api/chat
[18:34:48] [智慧树] 收到提问: 你好
[18:35:00] [智慧树] 思考完毕，养分已回传。
[18:36:58] [HTTP] GET /
[18:36:59] [HTTP] GET /styles.css
[18:36:59] [HTTP] GET /app.js
[18:37:21] [HTTP] POST /api/chat
[18:37:21] [智慧树] 收到提问: 你好
[18:37:33] [智慧树] 思考完毕，养分已回传。
[18:39:22] [HTTP] GET /
[18:39:22] [HTTP] GET /styles.css
[18:39:22] [HTTP] GET /app.js
[18:39:48] [HTTP] POST /api/chat
[18:39:48] [智慧树] 收到提问: 你好呀
[18:39:56] [智慧树] 思考完毕，养分已回传。
[18:40:29] [HTTP] GET /
[18:40:30] [HTTP] GET /styles.css
[18:40:30] [HTTP] GET /app.js
[18:43:51] 大树已扎根并开放跨域通道！监听 8000 端口... PID=24700
[18:43:51] 当前模型: kimi-k2.5
[19:46:36] [HTTP] GET /
[19:46:37] [HTTP] GET /styles.css
[19:46:37] [HTTP] GET /app.js
[19:47:29] [HTTP] GET /
[19:47:29] [HTTP] GET /styles.css
[19:47:29] [HTTP] GET /app.js
[19:47:29] [HTTP] GET /favicon.ico
[19:48:03] [HTTP] GET /
[19:48:03] [HTTP] GET /styles.css
[19:48:03] [HTTP] GET /app.js
[19:48:03] [HTTP] GET /favicon.ico
[19:50:08] [HTTP] GET /
[19:50:08] [HTTP] GET /styles.css
[19:50:08] [HTTP] GET /app.js
[19:51:01] [HTTP] GET /
[19:51:01] [HTTP] GET /styles.css
[19:51:01] [HTTP] GET /app.js
[19:51:06] [HTTP] POST /api/chat
[19:51:06] [智慧树] 收到提问: 你好
[19:51:16] [智慧树] 思考完毕，养分已回传。
[19:52:14] [HTTP] GET /
[19:52:14] [HTTP] GET /styles.css
[19:52:14] [HTTP] GET /app.js
[19:52:14] [HTTP] GET /favicon.ico
[19:53:09] 大树已扎根并开放跨域通道！监听 8000 端口... PID=38552
[19:53:09] 当前模型: kimi-k2.5
[19:53:14] [HTTP] GET /
[19:53:14] [HTTP] GET /styles.css
[19:53:14] [HTTP] GET /app.js
[19:53:18] [HTTP] POST /api/chat
[19:53:18] [智慧树] 收到提问: 你好
[19:53:28] [智慧树] 思考完毕，养分已回传。
[19:59:56] [HTTP] GET /
[19:59:56] [HTTP] GET /styles.css
[19:59:56] [HTTP] GET /app.js
[20:00:01] [HTTP] POST /api/chat
[20:00:01] [智慧树] 收到提问: 你好
[20:00:14] [智慧树] 思考完毕，养分已回传。
[20:03:36] [HTTP] GET /
[20:03:36] [HTTP] GET /styles.css
[20:03:37] [HTTP] GET /app.js
[20:04:40] [HTTP] GET /
[20:04:42] [HTTP] GET /styles.css
[20:04:43] [HTTP] GET /app.js
[20:04:46] [HTTP] GET /favicon.ico
[20:05:50] [HTTP] POST /api/chat
[20:05:50] [智慧树] 收到提问: 你好，王国“松”
[20:06:01] [智慧树] 思考完毕，养分已回传。
[20:06:05] [HTTP] GET /
[20:06:07] [HTTP] GET /styles.css
[20:06:07] [HTTP] GET /app.js
[20:06:20] [HTTP] POST /api/chat
[20:06:20] [智慧树] 收到提问: 聊什么
[20:06:30] [智慧树] 思考完毕，养分已回传。
[20:06:58] [HTTP] POST /api/chat
[20:06:58] [智慧树] 收到提问: 南昌大学咋样
[20:07:11] [智慧树] 思考完毕，养分已回传。
[20:19:35] [HTTP] GET /
[20:19:36] [HTTP] GET /styles.css
[20:19:36] [HTTP] GET /app.js
[20:40:26] [HTTP] GET /
[20:40:30] [HTTP] CONNECT /443
[20:42:36] [HTTP] GET /
[20:42:37] [HTTP] GET /styles.css
[20:42:39] [HTTP] GET /app.js
[20:42:42] [HTTP] GET /favicon.ico
[20:44:04] [HTTP] POST /api/chat
[20:44:04] [智慧树] 收到提问: 1
[20:44:14] [智慧树] 思考完毕，养分已回传。
[20:53:38] [HTTP] GET /
[20:53:39] [HTTP] GET /styles.css
[20:53:39] [HTTP] GET /app.js
[20:53:39] [HTTP] GET /favicon.ico
[20:53:51] [HTTP] POST /api/chat
[20:53:51] [智慧树] 收到提问: 你是什么AI大模型
[20:54:03] [智慧树] 思考完毕，养分已回传。
[20:54:10] [HTTP] POST /api/chat
[20:54:10] [智慧树] 收到提问: 你是什么AI大模型
[20:54:25] [智慧树] 思考完毕，养分已回传。
[20:54:58] [HTTP] GET /styles.css
[20:55:23] [HTTP] POST /api/chat
[20:55:23] [智慧树] 收到提问: 你到底是什么AI大模型
[20:55:36] [HTTP] GET /robots.txt
[20:55:36] [智慧树] 思考完毕，养分已回传。
[20:55:42] [HTTP] GET /
[20:55:44] [HTTP] GET /styles.css
[20:55:44] [HTTP] GET /app.js
[20:56:35] [HTTP] GET /
[20:56:35] [HTTP] GET /styles.css
[20:56:36] [HTTP] GET /app.js
[20:59:46] [HTTP] GET /
[21:12:38] [HTTP] CONNECT /443
[21:44:22] [HTTP] GET /
[21:44:22] [HTTP] GET /styles.css
[21:44:22] [HTTP] GET /app.js
[21:44:22] [HTTP] GET /favicon.ico
[22:00:35] [HTTP] GET /
[22:00:35] [HTTP] GET /styles.css
[22:00:35] [HTTP] GET /app.js
[22:00:35] [HTTP] GET /favicon.ico
[22:01:53] [HTTP] GET /
[22:01:53] [HTTP] GET /styles.css
[22:01:53] [HTTP] GET /app.js
[22:01:54] [HTTP] GET /favicon.ico
[22:02:11] [HTTP] GET /
[22:02:13] [HTTP] GET /
[22:02:13] [HTTP] GET /styles.css
[22:02:13] [HTTP] GET /app.js
[22:02:22] [HTTP] GET /
[22:02:22] [HTTP] GET /styles.css
[22:02:22] [HTTP] GET /app.js
[22:02:22] [HTTP] GET /favicon.ico
[22:02:47] [HTTP] POST /api/chat
[22:02:47] [智慧树] 收到提问: ui权贵
[22:03:02] [智慧树] 思考完毕，养分已回传。
[22:05:53] [HTTP] GET /
[22:05:54] [HTTP] GET /app.js
[22:05:54] [HTTP] GET /styles.css
[22:05:54] [HTTP] GET /favicon.ico
[22:05:54] [HTTP] GET /
[22:06:19] [HTTP] GET /
[22:06:19] [HTTP] GET /app.js
[22:06:19] [HTTP] GET /styles.css
[22:06:19] [HTTP] GET /favicon.ico
[22:07:02] [HTTP] GET /
[22:07:02] [HTTP] GET /styles.css
[22:07:02] [HTTP] GET /app.js
[22:07:02] [HTTP] GET /favicon.ico
[22:08:09] [HTTP] GET /
[22:08:10] [HTTP] GET /
[22:08:10] [HTTP] GET /app.js
[22:08:10] [HTTP] GET /styles.css
[22:08:33] [HTTP] POST /api/chat
[22:08:33] [智慧树] 收到提问: 技术的必要性 	 本技术对应《智能制造典型场景参考指引（2025年版）》[方陈1] 第二十九点“设备故障诊断与预测”，“面向设备故障发现、诊断分析等业务活动，针对设备运维成本高、非计划停机频次高等问题，建立故障知识库和设备健康管理系统，应用知识图谱、机理分析、语言大模型、模式分析等技术，实现设备故障在线报警和智能诊断；应用振动分析、声学分析、特征工程、迁移学习等技术，实现设备故障提前预测、提前介入，保障连续生产。” 	当前，国防科技工业正处[方陈2] 于数字化转型的关键阶段，高端装备运维领域仍面临诸多突出痛点，传统预防性维修模式已难以适配新时代装备高安全、高可靠、全生命周期保障的核心需求。一方面，现有运维模式多依赖人工经验开展故障判断与维修决策，缺乏多模态数据的深度融合与智能分析能力，数据采集不全面、共享不足、开发利用不充分的问题突出，导致设备寿命预测偏差较大，潜在故障隐患难以提前预判，往往陷入“故障发生后再维修”的被动局面[方陈3] ，不仅增加了运维成本，更可能影响装备正常运行与任务执行安全，这与国有企业数字化转型中“数据要素驱动作用尚未充分发挥”的普遍难题高度契合。另一方面，国防科技工业各厂所、各环节的运维数据分散存储、各自为战，缺乏统一的智能化运维支撑平台，难以实现仿真数据、运维数据与维修决策的高效协同，[方陈4] 与《国防科技工业软件工厂建设指南》中“配套建设智能化运维支撑系统、多模态数据融合处理平台”的部署要求存在差距，也无法满足《军队装备科研条例》中“完善装备全生命周期保障体系”的明确要求。 	从装备运维实际场景来看，高端装备结构复杂、工况严苛，对维修的精准性、及时性要求极高，美军维修基地因设施老化、效率低下导致装备维修积压、影响作战训练的教训，充分凸显了传统运维模式的局限性，也印证了智能化运维转型的迫切性。当前，若缺乏生成式预防性维修系统的支撑，仅依靠传统人工运维模式，既无法实现多模态数据的高效整合与深度分析，也难以精准输出设备寿命预测结果与科学维修方案，无法满足装备全生命周期运维保障的需求；同时，也难以落实《重要军工设施保护条例》中“强化军工装备运维技术支撑”的要求，更无法响应工信部关于“推动数智技术在运维服务环节广泛应用”“构建设备故障预测与维修维护体系”的部署，进而制约国防科技工业数字化转型进程，影响装备运维的可靠性与安全性，甚至可能埋下安全隐患。[方陈5]  	  	此外，随着国防科技工业软件工厂建设的不断推进，单位级软件工厂对智能化运维支撑的需求日益迫切，生成式预防性维修系统作为软件工厂配套建设的重要组成部分，其建设更是补齐高端装备预防性维修领域智能化短板的关键举措。与传统运维模式相比，该系统通过双模块协同运作，实现了从“人防”到“智防”的跨越，能够精准捕捉设备运行异常、提前预判潜在故障，大幅提升运维效率、降低运维成本，这与中韩石化智能运维体系“实现安全与效能双突破”的实践经验高度一致，也符合数字化转型中“以技术赋能提升运维质效”的核心导向。若该系统缺位，不仅无法实现软件工厂与装备运维的深度融合，更难以达成“科研——生产——维修保障”三位一体的建设目标，无法保障国防科技工业装备运维的自主可控与高效协同，进而影响国防科技工业高质量发展。 	综上所述，生成式预防性维修系统的建设具有极强的必要性与紧迫性，既是落实2025年及以后国家国防科技工业相关红头文件部署、响应国防科技工业数字化转型战略的必然要求，也是破解当前高端装备运维领域痛点、补齐智能化运维短板的关键举措。该系统通过两大核心模块协同运作，实现运维模式从被动响应向主动预防、从人工经验驱动向数据智能驱动的转型，既能满足高端装备全生命周期运维保障的核心需求，又能推动国防科技工业软件工厂“科研—生产—运维”全流程协同，保障装备运维自主可控、安全高效。同时，其建设还能带动相关技术研发与人才培养，实现国防科技与民用产业协同发展，对提升我国国防科技工业核心竞争力、保障国防安全、推动国防科技工业高质量发展具有不可替代的重要意义，因此，加快推进生成式预防性维修系统建设势在必行、刻不容缓。  [方陈1]核查一下这个是否是真实存在在的，切记AI生成的可能是编造的  [方陈2]不要以国防科技工业为例，我们甲方不是，直接写后面高端装备就行  [方陈3]这些尽量不写，要写出不使用生成式可靠性仿真和生成式维修决策的短板，同时写出时候后的优势，不要发散。  [方陈4]不要写国防，可以写各单位，但是就不写国防科工就行    [方陈5]后面这些把国防删了，然后不去AI化 首先写寿命预测与预防性维修的重要背景、重要性，然后写当前的可靠性分析与预防性维修/运维方式（人工化，非自动化）的短板，然后写生成式可靠性仿真与生成式预防性维修的必要性。[方陈1]  然后全文统一“维修”，不要一处“维修”一处“维护”。  [方陈1]大概按照这种框架来写
[22:09:06] [智慧树] 思考完毕，养分已回传。
[22:36:56] 大树已扎根并开放跨域通道！监听 8000 端口... PID=13660
[22:36:56] 当前模型: kimi-k2.5
[22:37:16] [HTTP] GET /
[22:37:16] [HTTP] GET /styles.css
[22:37:16] [HTTP] GET /app.js
[22:37:16] [HTTP] GET /favicon.ico
[22:37:20] [HTTP] POST /api/chat
[22:37:20] [智慧树] 收到提问: 你好
[22:37:22] [HTTP] GET /
[22:37:22] [HTTP] GET /styles.css
[22:37:22] [HTTP] GET /app.js
[22:37:32] [智慧树] 思考完毕，养分已回传。
[22:37:40] [HTTP] POST /api/chat
[22:37:40] [智慧树] 收到提问: 你会自己长大吗
[22:37:53] [智慧树] 思考完毕，养分已回传。
[22:38:33] [HTTP] POST /api/chat
[22:38:33] [智慧树] 收到提问: 能不能左边长茂密一点
[22:38:44] [智慧树] 思考完毕，养分已回传。
[22:40:02] [HTTP] GET /
[22:40:02] [HTTP] GET /styles.css
[22:40:02] [HTTP] GET /app.js
[22:40:02] [HTTP] GET /favicon.ico
[22:52:15] [HTTP] GET /
